C51 COMPILER V9.57.0.0   LCD1602                                                           03/10/2022 14:20:24 PAGE 1   


C51 COMPILER V9.57.0.0, COMPILATION OF MODULE LCD1602
OBJECT MODULE PLACED IN .\Objects\LCD1602.obj
COMPILER INVOKED BY: D:\RookieCODE\codeApp\Keil\app\C51\BIN\C51.EXE LCD1602.c OPTIMIZE(8,SPEED) BROWSE DEBUG OBJECTEXTEN
                    -D PRINT(.\Listings\LCD1602.lst) TABS(2) OBJECT(.\Objects\LCD1602.obj)

line level    source

   1          #include<include.h>
   2          
   3          void lcd1602_write_cmd(unsigned char cmd){
   4   1        LCD_RS = 0;//写指令
   5   1        LCD_RW = 0;//写入，若是1则为读取
   6   1        LCD1602_DATAPORT = cmd;
   7   1        LCD_E = 0;
   8   1        delay1ms(1);
   9   1        LCD_E = 1;//从低位变高位获取数据
  10   1        delay1ms(1);
  11   1        LCD_E = 0;
  12   1      }
  13            
  14          
  15          void lcd1602_write_data(unsigned char dat){//用于写入要显示的内容
  16   1        LCD_RS = 1;
  17   1        LCD_RW = 0;
  18   1        LCD1602_DATAPORT = dat;
  19   1        LCD_E = 0;
  20   1        delay1ms(1);
  21   1        LCD_E = 1;
  22   1        delay1ms(1);
  23   1        LCD_E = 0;
  24   1      
  25   1      }
  26          
  27          void init_1602(){
  28   1        lcd1602_write_cmd(0x38);//数据总线8位，显示2行，5*7点阵/字符
  29   1        lcd1602_write_cmd(0x0c);//显示功能开，无光标，光标闪烁
  30   1        lcd1602_write_cmd(0x06);//写入新数据后光标右移，显示屏不移动
  31   1        lcd1602_write_cmd(0x01);//清屏  
  32   1      }
  33          
  34          void clear_1602(){
  35   1        lcd1602_write_cmd(0x01);  //清屏
  36   1      }
  37          
  38          
  39          void Show_String(unsigned char X,unsigned char Y,unsigned char*str){
  40   1        unsigned char i = 0;
  41   1        if(X > 15||Y>1)//若超出了可以显示的范围
  42   1        { str = "ERROR DATA";
  43   2          X = Y = 0;
  44   2        }
  45   1        
  46   1        if(!Y)
  47   1          while(*str != '\0'){//遇到结束符前一直循环
  48   2            if(i < 16 - X)
  49   2              lcd1602_write_cmd(0x80 + i + X);//确定某个字符显示的位置
  50   2            else
  51   2              lcd1602_write_cmd(0x40+0x80 + i + X - 16);//当第一行满了则去到第二行显示
  52   2            lcd1602_write_data(*str);
  53   2            str++;
  54   2            i++;
C51 COMPILER V9.57.0.0   LCD1602                                                           03/10/2022 14:20:24 PAGE 2   

  55   2            
  56   2          }
  57   1        else
  58   1          while(*str != '\0'){
  59   2            if(i < 16 - X)
  60   2              lcd1602_write_cmd(0x40+0x80 + i + X);//从第二行开始
  61   2            else
  62   2              lcd1602_write_cmd(0x80 + i + X - 16);
  63   2            lcd1602_write_data(*str);
  64   2            str++;
  65   2            i++;
  66   2          }
  67   1        
  68   1      }
  69            


MODULE INFORMATION:   STATIC OVERLAYABLE
   CODE SIZE        =    243    ----
   CONSTANT SIZE    =     11    ----
   XDATA SIZE       =   ----    ----
   PDATA SIZE       =   ----    ----
   DATA SIZE        =   ----       5
   IDATA SIZE       =   ----    ----
   BIT SIZE         =   ----    ----
END OF MODULE INFORMATION.


C51 COMPILATION COMPLETE.  0 WARNING(S),  0 ERROR(S)
