C51 COMPILER V9.57.0.0   PWM_BREATHLED                                                     03/10/2022 14:20:25 PAGE 1   


C51 COMPILER V9.57.0.0, COMPILATION OF MODULE PWM_BREATHLED
OBJECT MODULE PLACED IN .\Objects\PWM_BreathLED.obj
COMPILER INVOKED BY: D:\RookieCODE\codeApp\Keil\app\C51\BIN\C51.EXE PWM_BreathLED.c OPTIMIZE(8,SPEED) BROWSE DEBUG OBJEC
                    -TEXTEND PRINT(.\Listings\PWM_BreathLED.lst) TABS(2) OBJECT(.\Objects\PWM_BreathLED.obj)

line level    source

   1          #include<PWM_BreathLED.h>
   2          
   3          void PWM_delay(unsigned int t){
   4   1          while(t--);
   5   1      }
   6          
   7          
   8          void BreathLEd(){
   9   1          u8 i,j;
  10   1          for (i = 0; i < 100; i++)
  11   1              for (j = 0; j < 40; j++)
  12   1              {
  13   2                  P2_0 = 0;
  14   2                  PWM_delay(i);
  15   2                  P2_0 = 1;
  16   2                  PWM_delay(100-i);
  17   2              }
  18   1          for (i = 0; i < 100; i++)
  19   1              for (j = 0; j < 40; j++)
  20   1              {
  21   2                  P2_0 = 0;
  22   2                  PWM_delay(100-i);
  23   2                  P2_0 = 1;
  24   2                  PWM_delay(i);
  25   2              }        
  26   1          
  27   1      }


MODULE INFORMATION:   STATIC OVERLAYABLE
   CODE SIZE        =     75    ----
   CONSTANT SIZE    =   ----    ----
   XDATA SIZE       =   ----    ----
   PDATA SIZE       =   ----    ----
   DATA SIZE        =   ----    ----
   IDATA SIZE       =   ----    ----
   BIT SIZE         =   ----    ----
END OF MODULE INFORMATION.


C51 COMPILATION COMPLETE.  0 WARNING(S),  0 ERROR(S)
