C51 COMPILER V9.57.0.0   LESSON3                                                           01/18/2022 10:48:44 PAGE 1   


C51 COMPILER V9.57.0.0, COMPILATION OF MODULE LESSON3
OBJECT MODULE PLACED IN .\Objects\lesson3.obj
COMPILER INVOKED BY: D:\RookieCODE\codeApp\Keil\app\C51\BIN\C51.EXE lesson3.c OPTIMIZE(8,SPEED) BROWSE DEBUG OBJECTEXTEN
                    -D PRINT(.\Listings\lesson3.lst) TABS(2) OBJECT(.\Objects\lesson3.obj)

line level    source

   1          #include <reg52.h>
   2          sbit dula = P2^6;
   3          sbit wela = P2^7;
   4          #define uchar unsigned char
   5          #define uint unsigned int
   6            uchar num;
   7          uchar code table[] = {
   8          
   9            0x3f,0x06,0x5b,0x4f,0x66,0x6d,0x7d,0x07,
  10            0x7f,0x6f,0x77,0x7c,0x39,0x5e,0x79,0x71
  11          };
  12          void delay(uint z);
  13          
  14          
  15          
  16          void main(){
  17   1        
  18   1        wela = 1;
  19   1        P0 = 0xc0;
  20   1        wela = 0;
  21   1      while(1){
  22   2      
  23   2        for(num = 0;num<16;num++){
  24   3          dula = 1;
  25   3          P0 = table[num];
  26   3          dula = 0;
  27   3          delay(1000);
  28   3        }
  29   2      
  30   2      }
  31   1      
  32   1      }
  33          
  34          void delay(uint z){
  35   1         uint x,y;
  36   1        for(x = z;x>0; x--)
  37   1        for(y = 110;y>0;y--);
  38   1      }
  39          
  40          


MODULE INFORMATION:   STATIC OVERLAYABLE
   CODE SIZE        =     70    ----
   CONSTANT SIZE    =     16    ----
   XDATA SIZE       =   ----    ----
   PDATA SIZE       =   ----    ----
   DATA SIZE        =      1    ----
   IDATA SIZE       =   ----    ----
   BIT SIZE         =   ----    ----
END OF MODULE INFORMATION.


C51 COMPILATION COMPLETE.  0 WARNING(S),  0 ERROR(S)
