Build target 'Target 1'
compiling main.c...
linking...
*** WARNING L16: UNCALLED SEGMENT, IGNORED FOR OVERLAY PROCESS
    SEGMENT: ?PR?_STATIC_DYNAMIC_DIGITAL?LEDTEST

*** WARNING L16: UNCALLED SEGMENT, IGNORED FOR OVERLAY PROCESS
    SEGMENT: ?PR?LEDTURNBIT?LEDTEST

*** WARNING L16: UNCALLED SEGMENT, IGNORED FOR OVERLAY PROCESS
    SEGMENT: ?PR?LEDSHRINK?LEDTEST

*** WARNING L16: UNCALLED SEGMENT, IGNORED FOR OVERLAY PROCESS
    SEGMENT: ?PR?LEDBINARY?LEDTEST

*** WARNING L16: UNCALLED SEGMENT, IGNORED FOR OVERLAY PROCESS
    SEGMENT: ?PR?GET_KEY_NUM?LEDTEST

*** WARNING L16: UNCALLED SEGMENT, IGNORED FOR OVERLAY PROCESS
    SEGMENT: ?PR?INITCLOCK?KEY_CLOCK_LCDTEST

*** WARNING L16: UNCALLED SEGMENT, IGNORED FOR OVERLAY PROCESS
    SEGMENT: ?PR?INITOUTBREAK?KEY_CLOCK_LCDTEST

*** WARNING L16: UNCALLED SEGMENT, IGNORED FOR OVERLAY PROCESS
    SEGMENT: ?PR?INIT_PWMCOUNT?KEY_CLOCK_LCDTEST

*** WARNING L16: UNCALLED SEGMENT, IGNORED FOR OVERLAY PROCESS
    SEGMENT: ?PR?CLEAR_1602?LCD1602

*** WARNING L16: UNCALLED SEGMENT, IGNORED FOR OVERLAY PROCESS
    SEGMENT: ?PR?BREATHLED?PWM_BREATHLED

*** WARNING L16: UNCALLED SEGMENT, IGNORED FOR OVERLAY PROCESS
    SEGMENT: ?PR?INTOA?BASICFUN

*** WARNING L16: UNCALLED SEGMENT, IGNORED FOR OVERLAY PROCESS
    SEGMENT: ?PR?_INIT_MEMPOOL?INIT_MEM

*** WARNING L1: UNRESOLVED EXTERNAL SYMBOL
    SYMBOL:  REC_DATA
    MODULE:  .\Objects\Key_Clock_LCDTest.obj (KEY_CLOCK_LCDTEST)

*** WARNING L2: REFERENCE MADE TO UNRESOLVED EXTERNAL
    SYMBOL:  REC_DATA
    MODULE:  .\Objects\Key_Clock_LCDTest.obj (KEY_CLOCK_LCDTEST)
    ADDRESS: 04DFH

Program Size: data=78.0 xdata=8 code=1426
creating hex file from ".\Objects\2022.1.18Test"...
".\Objects\2022.1.18Test" - 0 Error(s), 14 Warning(s).
Build Time Elapsed:  00:00:00
